This file contains any messages produced by compilers while
running configure, to aid debugging if configure makes a mistake.

It was created by FULL-PACKAGE-NAME configure VERSION, which was
generated by GNU Autoconf 2.69.  Invocation command line was

  $ ./configure 

## --------- ##
## Platform. ##
## --------- ##

hostname = mbp
uname -m = x86_64
uname -r = 12.3.0
uname -s = Darwin
uname -v = Darwin Kernel Version 12.3.0: Sun Jan  6 22:37:10 PST 2013; root:xnu-2050.22.13~1/RELEASE_X86_64

/usr/bin/uname -p = i386
/bin/uname -X     = unknown

/bin/arch              = unknown
/usr/bin/arch -k       = unknown
/usr/convex/getsysinfo = unknown
/usr/bin/hostinfo      = Mach kernel version:
	 Darwin Kernel Version 12.3.0: Sun Jan  6 22:37:10 PST 2013; root:xnu-2050.22.13~1/RELEASE_X86_64
Kernel configured for up to 2 processors.
2 processors are physically available.
2 processors are logically available.
Processor type: i486 (Intel 80486)
Processors active: 0 1
Primary memory available: 8.00 gigabytes
Default processor set: 139 tasks, 804 threads, 2 processors
Load average: 0.66, Mach factor: 1.33
/bin/machine           = unknown
/usr/bin/oslevel       = unknown
/bin/universe          = unknown

PATH: /Users/david/bin
PATH: /usr/local/sbin
PATH: /usr/local/bin
PATH: /usr/bin
PATH: /bin
PATH: /usr/sbin
PATH: /sbin
PATH: /opt/X11/bin
PATH: /usr/texbin


## ----------- ##
## Core tests. ##
## ----------- ##

configure:2027: checking for gcc
configure:2043: found /usr/bin/gcc
configure:2054: result: gcc
configure:2283: checking for C compiler version
configure:2292: gcc --version >&5
i686-apple-darwin11-llvm-gcc-4.2 (GCC) 4.2.1 (Based on Apple Inc. build 5658) (LLVM build 2336.11.00)
Copyright (C) 2007 Free Software Foundation, Inc.
This is free software; see the source for copying conditions.  There is NO
warranty; not even for MERCHANTABILITY or FITNESS FOR A PARTICULAR PURPOSE.

configure:2303: $? = 0
configure:2292: gcc -v >&5
Using built-in specs.
Target: i686-apple-darwin11
Configured with: /private/var/tmp/llvmgcc42/llvmgcc42-2336.11~182/src/configure --disable-checking --enable-werror --prefix=/Applications/Xcode.app/Contents/Developer/usr/llvm-gcc-4.2 --mandir=/share/man --enable-languages=c,objc,c++,obj-c++ --program-prefix=llvm- --program-transform-name=/^[cg][^.-]*$/s/$/-4.2/ --with-slibdir=/usr/lib --build=i686-apple-darwin11 --enable-llvm=/private/var/tmp/llvmgcc42/llvmgcc42-2336.11~182/dst-llvmCore/Developer/usr/local --program-prefix=i686-apple-darwin11- --host=x86_64-apple-darwin11 --target=i686-apple-darwin11 --with-gxx-include-dir=/usr/include/c++/4.2.1
Thread model: posix
gcc version 4.2.1 (Based on Apple Inc. build 5658) (LLVM build 2336.11.00)
configure:2303: $? = 0
configure:2292: gcc -V >&5
llvm-gcc-4.2: argument to `-V' is missing
configure:2303: $? = 1
configure:2292: gcc -qversion >&5
i686-apple-darwin11-llvm-gcc-4.2: no input files
configure:2303: $? = 1
configure:2323: checking whether the C compiler works
configure:2345: gcc    conftest.c  >&5
configure:2349: $? = 0
configure:2397: result: yes
configure:2400: checking for C compiler default output file name
configure:2402: result: a.out
configure:2408: checking for suffix of executables
configure:2415: gcc -o conftest    conftest.c  >&5
configure:2419: $? = 0
configure:2441: result: 
configure:2463: checking whether we are cross compiling
configure:2471: gcc -o conftest    conftest.c  >&5
configure:2475: $? = 0
configure:2482: ./conftest
configure:2486: $? = 0
configure:2501: result: no
configure:2506: checking for suffix of object files
configure:2528: gcc -c   conftest.c >&5
configure:2532: $? = 0
configure:2553: result: o
configure:2557: checking whether we are using the GNU C compiler
configure:2576: gcc -c   conftest.c >&5
configure:2576: $? = 0
configure:2585: result: yes
configure:2594: checking whether gcc accepts -g
configure:2614: gcc -c -g  conftest.c >&5
configure:2614: $? = 0
configure:2655: result: yes
configure:2672: checking for gcc option to accept ISO C89
configure:2735: gcc  -c -g -O2  conftest.c >&5
configure:2735: $? = 0
configure:2748: result: none needed
configure:2778: checking how to run the C preprocessor
configure:2809: gcc -E  conftest.c
configure:2809: $? = 0
configure:2823: gcc -E  conftest.c
conftest.c:9:28: error: ac_nonexistent.h: No such file or directory
configure:2823: $? = 1
configure: failed program was:
| /* confdefs.h */
| #define PACKAGE_NAME "FULL-PACKAGE-NAME"
| #define PACKAGE_TARNAME "full-package-name"
| #define PACKAGE_VERSION "VERSION"
| #define PACKAGE_STRING "FULL-PACKAGE-NAME VERSION"
| #define PACKAGE_BUGREPORT "BUG-REPORT-ADDRESS"
| #define PACKAGE_URL ""
| /* end confdefs.h.  */
| #include <ac_nonexistent.h>
configure:2848: result: gcc -E
configure:2868: gcc -E  conftest.c
configure:2868: $? = 0
configure:2882: gcc -E  conftest.c
conftest.c:9:28: error: ac_nonexistent.h: No such file or directory
configure:2882: $? = 1
configure: failed program was:
| /* confdefs.h */
| #define PACKAGE_NAME "FULL-PACKAGE-NAME"
| #define PACKAGE_TARNAME "full-package-name"
| #define PACKAGE_VERSION "VERSION"
| #define PACKAGE_STRING "FULL-PACKAGE-NAME VERSION"
| #define PACKAGE_BUGREPORT "BUG-REPORT-ADDRESS"
| #define PACKAGE_URL ""
| /* end confdefs.h.  */
| #include <ac_nonexistent.h>
configure:2911: checking for grep that handles long lines and -e
configure:2969: result: /usr/local/bin/grep
configure:2974: checking for egrep
configure:3036: result: /usr/local/bin/grep -E
configure:3041: checking for ANSI C header files
configure:3061: gcc -c -g -O2  conftest.c >&5
configure:3061: $? = 0
configure:3134: gcc -o conftest -g -O2   conftest.c  >&5
configure:3134: $? = 0
configure:3134: ./conftest
configure:3134: $? = 0
configure:3145: result: yes
configure:3158: checking for sys/types.h
configure:3158: gcc -c -g -O2  conftest.c >&5
configure:3158: $? = 0
configure:3158: result: yes
configure:3158: checking for sys/stat.h
configure:3158: gcc -c -g -O2  conftest.c >&5
configure:3158: $? = 0
configure:3158: result: yes
configure:3158: checking for stdlib.h
configure:3158: gcc -c -g -O2  conftest.c >&5
configure:3158: $? = 0
configure:3158: result: yes
configure:3158: checking for string.h
configure:3158: gcc -c -g -O2  conftest.c >&5
configure:3158: $? = 0
configure:3158: result: yes
configure:3158: checking for memory.h
configure:3158: gcc -c -g -O2  conftest.c >&5
configure:3158: $? = 0
configure:3158: result: yes
configure:3158: checking for strings.h
configure:3158: gcc -c -g -O2  conftest.c >&5
configure:3158: $? = 0
configure:3158: result: yes
configure:3158: checking for inttypes.h
configure:3158: gcc -c -g -O2  conftest.c >&5
configure:3158: $? = 0
configure:3158: result: yes
configure:3158: checking for stdint.h
configure:3158: gcc -c -g -O2  conftest.c >&5
configure:3158: $? = 0
configure:3158: result: yes
configure:3158: checking for unistd.h
configure:3158: gcc -c -g -O2  conftest.c >&5
configure:3158: $? = 0
configure:3158: result: yes
configure:3172: checking for stdlib.h
configure:3172: result: yes
configure:3303: creating ./config.status

## ---------------------- ##
## Running config.status. ##
## ---------------------- ##

This file was extended by FULL-PACKAGE-NAME config.status VERSION, which was
generated by GNU Autoconf 2.69.  Invocation command line was

  CONFIG_FILES    = 
  CONFIG_HEADERS  = 
  CONFIG_LINKS    = 
  CONFIG_COMMANDS = 
  $ ./config.status 

on mbp

config.status:798: creating Makefile
config.status:784: error: cannot find input file: `config.h.in'

## ---------------- ##
## Cache variables. ##
## ---------------- ##

ac_cv_c_compiler_gnu=yes
ac_cv_env_CC_set=
ac_cv_env_CC_value=
ac_cv_env_CFLAGS_set=
ac_cv_env_CFLAGS_value=
ac_cv_env_CPPFLAGS_set=
ac_cv_env_CPPFLAGS_value=
ac_cv_env_CPP_set=
ac_cv_env_CPP_value=
ac_cv_env_LDFLAGS_set=
ac_cv_env_LDFLAGS_value=
ac_cv_env_LIBS_set=
ac_cv_env_LIBS_value=
ac_cv_env_build_alias_set=
ac_cv_env_build_alias_value=
ac_cv_env_host_alias_set=
ac_cv_env_host_alias_value=
ac_cv_env_target_alias_set=
ac_cv_env_target_alias_value=
ac_cv_header_inttypes_h=yes
ac_cv_header_memory_h=yes
ac_cv_header_stdc=yes
ac_cv_header_stdint_h=yes
ac_cv_header_stdlib_h=yes
ac_cv_header_string_h=yes
ac_cv_header_strings_h=yes
ac_cv_header_sys_stat_h=yes
ac_cv_header_sys_types_h=yes
ac_cv_header_unistd_h=yes
ac_cv_objext=o
ac_cv_path_EGREP='/usr/local/bin/grep -E'
ac_cv_path_GREP=/usr/local/bin/grep
ac_cv_prog_CPP='gcc -E'
ac_cv_prog_ac_ct_CC=gcc
ac_cv_prog_cc_c89=
ac_cv_prog_cc_g=yes

## ----------------- ##
## Output variables. ##
## ----------------- ##

CC='gcc'
CFLAGS='-g -O2'
CPP='gcc -E'
CPPFLAGS=''
DEFS='-DHAVE_CONFIG_H'
ECHO_C='\c'
ECHO_N=''
ECHO_T=''
EGREP='/usr/local/bin/grep -E'
EXEEXT=''
GREP='/usr/local/bin/grep'
LDFLAGS=''
LIBOBJS=''
LIBS=''
LTLIBOBJS=''
OBJEXT='o'
PACKAGE_BUGREPORT='BUG-REPORT-ADDRESS'
PACKAGE_NAME='FULL-PACKAGE-NAME'
PACKAGE_STRING='FULL-PACKAGE-NAME VERSION'
PACKAGE_TARNAME='full-package-name'
PACKAGE_URL=''
PACKAGE_VERSION='VERSION'
PATH_SEPARATOR=':'
SHELL='/bin/sh'
ac_ct_CC='gcc'
bindir='${exec_prefix}/bin'
build_alias=''
datadir='${datarootdir}'
datarootdir='${prefix}/share'
docdir='${datarootdir}/doc/${PACKAGE_TARNAME}'
dvidir='${docdir}'
exec_prefix='${prefix}'
host_alias=''
htmldir='${docdir}'
includedir='${prefix}/include'
infodir='${datarootdir}/info'
libdir='${exec_prefix}/lib'
libexecdir='${exec_prefix}/libexec'
localedir='${datarootdir}/locale'
localstatedir='${prefix}/var'
mandir='${datarootdir}/man'
oldincludedir='/usr/include'
pdfdir='${docdir}'
prefix='/usr/local'
program_transform_name='s,x,x,'
psdir='${docdir}'
sbindir='${exec_prefix}/sbin'
sharedstatedir='${prefix}/com'
sysconfdir='${prefix}/etc'
target_alias=''

## ----------- ##
## confdefs.h. ##
## ----------- ##

/* confdefs.h */
#define PACKAGE_NAME "FULL-PACKAGE-NAME"
#define PACKAGE_TARNAME "full-package-name"
#define PACKAGE_VERSION "VERSION"
#define PACKAGE_STRING "FULL-PACKAGE-NAME VERSION"
#define PACKAGE_BUGREPORT "BUG-REPORT-ADDRESS"
#define PACKAGE_URL ""
#define STDC_HEADERS 1
#define HAVE_SYS_TYPES_H 1
#define HAVE_SYS_STAT_H 1
#define HAVE_STDLIB_H 1
#define HAVE_STRING_H 1
#define HAVE_MEMORY_H 1
#define HAVE_STRINGS_H 1
#define HAVE_INTTYPES_H 1
#define HAVE_STDINT_H 1
#define HAVE_UNISTD_H 1
#define HAVE_STDLIB_H 1

configure: exit 1
